C51 COMPILER V9.01   KEY                                                                   10/27/2015 21:35:25 PAGE 1   


C51 COMPILER V9.01, COMPILATION OF MODULE KEY
OBJECT MODULE PLACED IN key.OBJ
COMPILER INVOKED BY: D:\Program Files (x86)\KEIL4\C51\BIN\C51.EXE key.c BROWSE DEBUG OBJECTEXTEND

line level    source

   1          #include<reg52.h>
   2          #include"key.h"
   3          #include"lcd1602.h"
   4          #include"ISD4004.h"
   5          unsigned char FunctionCount=0;
   6          unsigned char RecordCount=0;
   7          unsigned char ModeCount=0;
   8          unsigned char NowRec=0;
   9          unsigned int CountRed[4]={0};
  10          //毫秒延时函数 
  11          void Keydelay(unsigned int z)
  12          {
  13   1              unsigned int x,y;
  14   1              for(x = z ; x>0 ; x--)
  15   1                      for(y = 110; y>0 ; y--);
  16   1      }
  17          
  18          void key_scan(void)
  19          {
  20   1              if(key_1 == 0)                     //判断第一个按键情况 
  21   1              {
  22   2                      Keydelay(10);
  23   2                      if(key_1 == 0)     //按键一
  24   2                      {
  25   3                              FunctionCount++;
  26   3                              if(FunctionCount == 1)
  27   3                                      {LCDDispString(0,1,"Num 2 recording");LCDDispString(1,2,"             ");}
  28   3                              else if(FunctionCount == 2)
  29   3                                      {LCDDispString(0,1,"Num 3 recording");LCDDispString(1,2,"             ");}
  30   3                              else if(FunctionCount == 3)
  31   3                                      {LCDDispString(0,1,"Num 4 recording");LCDDispString(1,2,"             ");}
  32   3                              else if(FunctionCount == 4)
  33   3                                      {LCDDispString(0,1,"   Play Mode    ");
  34   4                                       if(ModeCount == 0)
  35   4                                              LCDDispString(0,0,"    Mode A    ");
  36   4                                       else if(ModeCount == 1)
  37   4                                              LCDDispString(0,0,"    Mode B    ");
  38   4                                       else if(ModeCount == 2)
  39   4                                              LCDDispString(0,0,"    Mode C    ");
  40   4                                      }
  41   3                              else if(FunctionCount == 5)
  42   3                              {       LCDDispString(0,1," Play recording ");LCDDispString(1,2,"             ");        }
  43   3                              else if(FunctionCount == 6)
  44   3                              {
  45   4                                      FunctionCount = 0;LCDDispString(0,1,"Num 1 recording");LCDDispString(1,2,"             ");                      
  46   4                              }
  47   3      
  48   3                              while(!key_1);
  49   3                      }
  50   2              }
  51   1              if(key_2 == 0)                     //按键2
  52   1              {
  53   2                      Keydelay(10);
  54   2                      if(key_2 == 0)
  55   2                      {
C51 COMPILER V9.01   KEY                                                                   10/27/2015 21:35:25 PAGE 2   

  56   3                              
  57   3                              if(FunctionCount == 0)
  58   3                              {
  59   4                                      LCDDispString(1,2,"   Start      ");
  60   4                                      rec(ADDR1STR);
  61   4                              }
  62   3                              else if(FunctionCount == 1)
  63   3                              {
  64   4                                      LCDDispString(1,2,"   Start      ");
  65   4                                      rec(ADDR2STR);
  66   4                              }
  67   3                              else if(FunctionCount == 2)
  68   3                              {
  69   4                                      LCDDispString(1,2,"   Start      ");
  70   4                                      rec(ADDR3STR);
  71   4                              }
  72   3                              else if(FunctionCount == 3)
  73   3                              {
  74   4                                      LCDDispString(1,2,"   Start      ");
  75   4                                      rec(ADDR4STR);
  76   4                              }
  77   3                              else if(FunctionCount == 4)
  78   3                              {
  79   4                                       ModeCount++;
  80   4                                       if(ModeCount == 1)
  81   4                                               LCDDispString(1,2,"   Mode B    ");
  82   4                                       else if(ModeCount == 2)
  83   4                                               LCDDispString(1,2,"   Mode C    ");
  84   4                                       else if(ModeCount == 3)
  85   4                                       {ModeCount = 0;LCDDispString(1,2,"   Mode A    ");}
  86   4                                               
  87   4                              }
  88   3                              else if(FunctionCount == 5)//播放
  89   3                              {
  90   4                                      if(NowRec == 1)
  91   4                                      {LCDDispString(1,2,"   Record 1    ");play(ADDR1STR);}  
  92   4                                      else if(NowRec == 2)
  93   4                                      {LCDDispString(1,2,"   Record 2    ");play(ADDR2STR);}
  94   4                                      else if(NowRec == 3)
  95   4                                      {LCDDispString(1,2,"   Record 3    ");play(ADDR3STR);}
  96   4                                      else if(NowRec == 4)
  97   4                                      {LCDDispString(1,2,"   Record 4    ");play(ADDR4STR);}  
  98   4                                       if(ModeCount==1) //单曲循环
  99   4                                       {
 100   5                                       }
 101   4                              }
 102   3                              while(!key_2);
 103   3                      }
 104   2              }
 105   1              if(key_3 == 0)                     //按键3 
 106   1              {
 107   2                      Keydelay(10);
 108   2                      if(key_3 == 0)
 109   2                      {       
 110   3                              stop();
 111   3                              if(FunctionCount == 0)
 112   3                              {LCDDispString(1,2,"    Stop      ");}
 113   3                              else if(FunctionCount == 1)
 114   3                              {LCDDispString(1,2,"    Stop      ");}
 115   3                              else if(FunctionCount == 2)
 116   3                              {LCDDispString(1,2,"    Stop      ");}
 117   3                              else if(FunctionCount == 3)
C51 COMPILER V9.01   KEY                                                                   10/27/2015 21:35:25 PAGE 3   

 118   3                              {LCDDispString(1,2,"    Stop      ");}
 119   3                              else if(FunctionCount == 5)
 120   3                              {LCDDispString(1,2,"    Stop      ");}
 121   3                              while(!key_3);
 122   3                      }
 123   2              }       
 124   1      
 125   1              if(key_4 == 0)                     //按键4
 126   1              {
 127   2                      Keydelay(10);
 128   2                      if(key_4 == 0)
 129   2                      {       
 130   3                              if(FunctionCount == 5 ) //单曲播放
 131   3                              {
 132   4                                      NowRec ++;
 133   4                                      if(NowRec==5)
 134   4                                      {
 135   5                                              NowRec=0;       
 136   5                                      }
 137   4                                      if(NowRec == 1)
 138   4                                      {LCDDispString(1,2,"   Record 1    ");play(ADDR1STR);}  
 139   4                                      else if(NowRec == 2)
 140   4                                      {LCDDispString(1,2,"   Record 2    ");play(ADDR2STR);}
 141   4                                      else if(NowRec == 3)
 142   4                                      {LCDDispString(1,2,"   Record 3    ");play(ADDR3STR);}
 143   4                                      else if(NowRec == 4)
 144   4                                      {LCDDispString(1,2,"   Record 4    ");play(ADDR4STR);}  
 145   4                              }
 146   3                              while(!key_4);
 147   3                      }
 148   2              }
 149   1      }       


MODULE INFORMATION:   STATIC OVERLAYABLE
   CODE SIZE        =    679    ----
   CONSTANT SIZE    =    293    ----
   XDATA SIZE       =   ----    ----
   PDATA SIZE       =   ----    ----
   DATA SIZE        =     12    ----
   IDATA SIZE       =   ----    ----
   BIT SIZE         =   ----    ----
END OF MODULE INFORMATION.


C51 COMPILATION COMPLETE.  0 WARNING(S),  0 ERROR(S)
